{"C:\\Users\\herli\\Documents\\Curso Node JS\\07-RESTWeb\\src\\app.ts": {"path":"C:\\Users\\herli\\Documents\\Curso Node JS\\07-RESTWeb\\src\\app.ts","all":false,"statementMap":{"0":{"start":{"line":1,"column":0},"end":{"line":1,"column":37}},"1":{"start":{"line":2,"column":0},"end":{"line":2,"column":50}},"2":{"start":{"line":3,"column":0},"end":{"line":3,"column":47}},"3":{"start":{"line":4,"column":0},"end":{"line":4,"column":0}},"4":{"start":{"line":5,"column":0},"end":{"line":5,"column":14}},"5":{"start":{"line":6,"column":0},"end":{"line":6,"column":11}},"6":{"start":{"line":7,"column":0},"end":{"line":7,"column":5}},"7":{"start":{"line":8,"column":0},"end":{"line":8,"column":0}},"8":{"start":{"line":9,"column":0},"end":{"line":9,"column":17}},"9":{"start":{"line":10,"column":0},"end":{"line":10,"column":31}},"10":{"start":{"line":11,"column":0},"end":{"line":11,"column":24}},"11":{"start":{"line":12,"column":0},"end":{"line":12,"column":38}},"12":{"start":{"line":13,"column":0},"end":{"line":13,"column":33}},"13":{"start":{"line":14,"column":0},"end":{"line":14,"column":7}},"14":{"start":{"line":15,"column":0},"end":{"line":15,"column":0}},"15":{"start":{"line":16,"column":0},"end":{"line":16,"column":19}},"16":{"start":{"line":17,"column":0},"end":{"line":17,"column":1}}},"s":{"0":1,"1":1,"2":1,"3":1,"4":1,"5":1,"6":1,"7":1,"8":1,"9":1,"10":1,"11":1,"12":1,"13":1,"14":1,"15":1,"16":1},"branchMap":{"0":{"type":"branch","line":5,"loc":{"start":{"line":5,"column":1},"end":{"line":7,"column":2}},"locations":[{"start":{"line":5,"column":1},"end":{"line":7,"column":2}}]},"1":{"type":"branch","line":5,"loc":{"start":{"line":5,"column":12},"end":{"line":7,"column":2}},"locations":[{"start":{"line":5,"column":12},"end":{"line":7,"column":2}}]},"2":{"type":"branch","line":9,"loc":{"start":{"line":9,"column":0},"end":{"line":17,"column":1}},"locations":[{"start":{"line":9,"column":0},"end":{"line":17,"column":1}}]}},"b":{"0":[1],"1":[1],"2":[1]},"fnMap":{"0":{"name":"main","decl":{"start":{"line":9,"column":0},"end":{"line":17,"column":1}},"loc":{"start":{"line":9,"column":0},"end":{"line":17,"column":1}},"line":9}},"f":{"0":1}}
,"C:\\Users\\herli\\Documents\\Curso Node JS\\07-RESTWeb\\src\\config\\envs.ts": {"path":"C:\\Users\\herli\\Documents\\Curso Node JS\\07-RESTWeb\\src\\config\\envs.ts","all":false,"statementMap":{"0":{"start":{"line":1,"column":0},"end":{"line":1,"column":22}},"1":{"start":{"line":2,"column":0},"end":{"line":2,"column":27}},"2":{"start":{"line":3,"column":0},"end":{"line":3,"column":0}},"3":{"start":{"line":4,"column":0},"end":{"line":4,"column":21}},"4":{"start":{"line":5,"column":0},"end":{"line":5,"column":48}},"5":{"start":{"line":6,"column":0},"end":{"line":6,"column":65}},"6":{"start":{"line":7,"column":0},"end":{"line":7,"column":1}}},"s":{"0":1,"1":1,"2":1,"3":1,"4":1,"5":1,"6":1},"branchMap":{},"b":{},"fnMap":{},"f":{}}
,"C:\\Users\\herli\\Documents\\Curso Node JS\\07-RESTWeb\\src\\data\\postgres\\index.ts": {"path":"C:\\Users\\herli\\Documents\\Curso Node JS\\07-RESTWeb\\src\\data\\postgres\\index.ts","all":false,"statementMap":{"0":{"start":{"line":1,"column":0},"end":{"line":1,"column":46}},"1":{"start":{"line":2,"column":0},"end":{"line":2,"column":0}},"2":{"start":{"line":3,"column":0},"end":{"line":3,"column":41}}},"s":{"0":1,"1":1,"2":1},"branchMap":{},"b":{},"fnMap":{},"f":{}}
,"C:\\Users\\herli\\Documents\\Curso Node JS\\07-RESTWeb\\src\\domain\\index.ts": {"path":"C:\\Users\\herli\\Documents\\Curso Node JS\\07-RESTWeb\\src\\domain\\index.ts","all":false,"statementMap":{"0":{"start":{"line":1,"column":0},"end":{"line":1,"column":46}},"1":{"start":{"line":2,"column":0},"end":{"line":2,"column":23}},"2":{"start":{"line":3,"column":0},"end":{"line":3,"column":39}},"3":{"start":{"line":4,"column":0},"end":{"line":4,"column":47}},"4":{"start":{"line":5,"column":0},"end":{"line":5,"column":0}},"5":{"start":{"line":6,"column":0},"end":{"line":6,"column":38}},"6":{"start":{"line":7,"column":0},"end":{"line":7,"column":0}},"7":{"start":{"line":8,"column":0},"end":{"line":8,"column":45}},"8":{"start":{"line":9,"column":0},"end":{"line":9,"column":45}},"9":{"start":{"line":10,"column":0},"end":{"line":10,"column":42}},"10":{"start":{"line":11,"column":0},"end":{"line":11,"column":43}},"11":{"start":{"line":12,"column":0},"end":{"line":12,"column":45}}},"s":{"0":1,"1":1,"2":1,"3":1,"4":1,"5":1,"6":1,"7":1,"8":1,"9":1,"10":1,"11":1},"branchMap":{},"b":{},"fnMap":{},"f":{}}
,"C:\\Users\\herli\\Documents\\Curso Node JS\\07-RESTWeb\\src\\domain\\dtos\\todos\\create-todo.dto.ts": {"path":"C:\\Users\\herli\\Documents\\Curso Node JS\\07-RESTWeb\\src\\domain\\dtos\\todos\\create-todo.dto.ts","all":false,"statementMap":{"0":{"start":{"line":1,"column":0},"end":{"line":1,"column":28}},"1":{"start":{"line":2,"column":0},"end":{"line":2,"column":24}},"2":{"start":{"line":3,"column":0},"end":{"line":3,"column":36}},"3":{"start":{"line":4,"column":0},"end":{"line":4,"column":7}},"4":{"start":{"line":5,"column":0},"end":{"line":5,"column":0}},"5":{"start":{"line":6,"column":0},"end":{"line":6,"column":74}},"6":{"start":{"line":7,"column":0},"end":{"line":7,"column":29}},"7":{"start":{"line":8,"column":0},"end":{"line":8,"column":0}},"8":{"start":{"line":9,"column":0},"end":{"line":9,"column":88}},"9":{"start":{"line":10,"column":0},"end":{"line":10,"column":0}},"10":{"start":{"line":11,"column":0},"end":{"line":11,"column":52}},"11":{"start":{"line":12,"column":0},"end":{"line":12,"column":5}},"12":{"start":{"line":13,"column":0},"end":{"line":13,"column":1}}},"s":{"0":1,"1":1,"2":1,"3":1,"4":1,"5":1,"6":3,"7":3,"8":3,"9":1,"10":1,"11":1,"12":1},"branchMap":{"0":{"type":"branch","line":2,"loc":{"start":{"line":2,"column":4},"end":{"line":4,"column":7}},"locations":[{"start":{"line":2,"column":4},"end":{"line":4,"column":7}}]},"1":{"type":"branch","line":6,"loc":{"start":{"line":6,"column":11},"end":{"line":12,"column":5}},"locations":[{"start":{"line":6,"column":11},"end":{"line":12,"column":5}}]},"2":{"type":"branch","line":9,"loc":{"start":{"line":9,"column":17},"end":{"line":9,"column":38}},"locations":[{"start":{"line":9,"column":17},"end":{"line":9,"column":38}}]},"3":{"type":"branch","line":9,"loc":{"start":{"line":9,"column":40},"end":{"line":9,"column":88}},"locations":[{"start":{"line":9,"column":40},"end":{"line":9,"column":88}}]},"4":{"type":"branch","line":10,"loc":{"start":{"line":10,"column":-2},"end":{"line":12,"column":5}},"locations":[{"start":{"line":10,"column":-2},"end":{"line":12,"column":5}}]}},"b":{"0":[1],"1":[3],"2":[1],"3":[2],"4":[1]},"fnMap":{"0":{"name":"CreateTodoDto","decl":{"start":{"line":2,"column":4},"end":{"line":4,"column":7}},"loc":{"start":{"line":2,"column":4},"end":{"line":4,"column":7}},"line":2},"1":{"name":"create","decl":{"start":{"line":6,"column":11},"end":{"line":12,"column":5}},"loc":{"start":{"line":6,"column":11},"end":{"line":12,"column":5}},"line":6}},"f":{"0":1,"1":3}}
,"C:\\Users\\herli\\Documents\\Curso Node JS\\07-RESTWeb\\src\\domain\\errors\\custom.error.ts": {"path":"C:\\Users\\herli\\Documents\\Curso Node JS\\07-RESTWeb\\src\\domain\\errors\\custom.error.ts","all":false,"statementMap":{"0":{"start":{"line":1,"column":0},"end":{"line":1,"column":39}},"1":{"start":{"line":2,"column":0},"end":{"line":2,"column":16}},"2":{"start":{"line":3,"column":0},"end":{"line":3,"column":40}},"3":{"start":{"line":4,"column":0},"end":{"line":4,"column":48}},"4":{"start":{"line":5,"column":0},"end":{"line":5,"column":6}},"5":{"start":{"line":6,"column":0},"end":{"line":6,"column":23}},"6":{"start":{"line":7,"column":0},"end":{"line":7,"column":5}},"7":{"start":{"line":8,"column":0},"end":{"line":8,"column":1}}},"s":{"0":1,"1":1,"2":3,"3":3,"4":3,"5":3,"6":3,"7":1},"branchMap":{"0":{"type":"branch","line":2,"loc":{"start":{"line":2,"column":4},"end":{"line":7,"column":5}},"locations":[{"start":{"line":2,"column":4},"end":{"line":7,"column":5}}]}},"b":{"0":[3]},"fnMap":{"0":{"name":"CustomError","decl":{"start":{"line":2,"column":4},"end":{"line":7,"column":5}},"loc":{"start":{"line":2,"column":4},"end":{"line":7,"column":5}},"line":2}},"f":{"0":3}}
,"C:\\Users\\herli\\Documents\\Curso Node JS\\07-RESTWeb\\src\\infrastructure\\datasource\\todo.datasource.impl.ts": {"path":"C:\\Users\\herli\\Documents\\Curso Node JS\\07-RESTWeb\\src\\infrastructure\\datasource\\todo.datasource.impl.ts","all":false,"statementMap":{"0":{"start":{"line":1,"column":0},"end":{"line":1,"column":45}},"1":{"start":{"line":2,"column":0},"end":{"line":2,"column":101}},"2":{"start":{"line":3,"column":0},"end":{"line":3,"column":0}},"3":{"start":{"line":4,"column":0},"end":{"line":4,"column":59}},"4":{"start":{"line":5,"column":0},"end":{"line":5,"column":69}},"5":{"start":{"line":6,"column":0},"end":{"line":6,"column":47}},"6":{"start":{"line":7,"column":0},"end":{"line":7,"column":33}},"7":{"start":{"line":8,"column":0},"end":{"line":8,"column":11}},"8":{"start":{"line":9,"column":0},"end":{"line":9,"column":0}},"9":{"start":{"line":10,"column":0},"end":{"line":10,"column":43}},"10":{"start":{"line":11,"column":0},"end":{"line":11,"column":5}},"11":{"start":{"line":12,"column":0},"end":{"line":12,"column":0}},"12":{"start":{"line":13,"column":0},"end":{"line":13,"column":43}},"13":{"start":{"line":14,"column":0},"end":{"line":14,"column":51}},"14":{"start":{"line":15,"column":0},"end":{"line":15,"column":62}},"15":{"start":{"line":16,"column":0},"end":{"line":16,"column":5}},"16":{"start":{"line":17,"column":0},"end":{"line":17,"column":0}},"17":{"start":{"line":18,"column":0},"end":{"line":18,"column":53}},"18":{"start":{"line":19,"column":0},"end":{"line":19,"column":50}},"19":{"start":{"line":20,"column":0},"end":{"line":20,"column":26}},"20":{"start":{"line":21,"column":0},"end":{"line":21,"column":11}},"21":{"start":{"line":22,"column":0},"end":{"line":22,"column":0}},"22":{"start":{"line":23,"column":0},"end":{"line":23,"column":77}},"23":{"start":{"line":24,"column":0},"end":{"line":24,"column":43}},"24":{"start":{"line":25,"column":0},"end":{"line":25,"column":5}},"25":{"start":{"line":26,"column":0},"end":{"line":26,"column":0}},"26":{"start":{"line":27,"column":0},"end":{"line":27,"column":73}},"27":{"start":{"line":28,"column":0},"end":{"line":28,"column":46}},"28":{"start":{"line":29,"column":0},"end":{"line":29,"column":0}},"29":{"start":{"line":30,"column":0},"end":{"line":30,"column":53}},"30":{"start":{"line":31,"column":0},"end":{"line":31,"column":44}},"31":{"start":{"line":32,"column":0},"end":{"line":32,"column":39}},"32":{"start":{"line":33,"column":0},"end":{"line":33,"column":11}},"33":{"start":{"line":34,"column":0},"end":{"line":34,"column":0}},"34":{"start":{"line":35,"column":0},"end":{"line":35,"column":49}},"35":{"start":{"line":36,"column":0},"end":{"line":36,"column":5}},"36":{"start":{"line":37,"column":0},"end":{"line":37,"column":0}},"37":{"start":{"line":38,"column":0},"end":{"line":38,"column":55}},"38":{"start":{"line":39,"column":0},"end":{"line":39,"column":32}},"39":{"start":{"line":40,"column":0},"end":{"line":40,"column":8}},"40":{"start":{"line":41,"column":0},"end":{"line":41,"column":50}},"41":{"start":{"line":42,"column":0},"end":{"line":42,"column":26}},"42":{"start":{"line":43,"column":0},"end":{"line":43,"column":11}},"43":{"start":{"line":44,"column":0},"end":{"line":44,"column":0}},"44":{"start":{"line":45,"column":0},"end":{"line":45,"column":46}},"45":{"start":{"line":46,"column":0},"end":{"line":46,"column":5}},"46":{"start":{"line":47,"column":0},"end":{"line":47,"column":0}},"47":{"start":{"line":48,"column":0},"end":{"line":48,"column":1}}},"s":{"0":1,"1":1,"2":1,"3":1,"4":1,"5":1,"6":1,"7":1,"8":1,"9":1,"10":1,"11":1,"12":1,"13":1,"14":1,"15":1,"16":1,"17":1,"18":7,"19":7,"20":7,"21":7,"22":7,"23":4,"24":4,"25":1,"26":1,"27":3,"28":2,"29":2,"30":2,"31":2,"32":2,"33":2,"34":2,"35":2,"36":1,"37":1,"38":2,"39":1,"40":1,"41":1,"42":1,"43":1,"44":1,"45":1,"46":1,"47":1},"branchMap":{"0":{"type":"branch","line":5,"loc":{"start":{"line":5,"column":10},"end":{"line":11,"column":5}},"locations":[{"start":{"line":5,"column":10},"end":{"line":11,"column":5}}]},"1":{"type":"branch","line":13,"loc":{"start":{"line":13,"column":10},"end":{"line":16,"column":5}},"locations":[{"start":{"line":13,"column":10},"end":{"line":16,"column":5}}]},"2":{"type":"branch","line":15,"loc":{"start":{"line":15,"column":25},"end":{"line":15,"column":60}},"locations":[{"start":{"line":15,"column":25},"end":{"line":15,"column":60}}]},"3":{"type":"branch","line":18,"loc":{"start":{"line":18,"column":10},"end":{"line":25,"column":5}},"locations":[{"start":{"line":18,"column":10},"end":{"line":25,"column":5}}]},"4":{"type":"branch","line":23,"loc":{"start":{"line":23,"column":18},"end":{"line":23,"column":77}},"locations":[{"start":{"line":23,"column":18},"end":{"line":23,"column":77}}]},"5":{"type":"branch","line":24,"loc":{"start":{"line":24,"column":-2},"end":{"line":25,"column":5}},"locations":[{"start":{"line":24,"column":-2},"end":{"line":25,"column":5}}]},"6":{"type":"branch","line":27,"loc":{"start":{"line":27,"column":10},"end":{"line":36,"column":5}},"locations":[{"start":{"line":27,"column":10},"end":{"line":36,"column":5}}]},"7":{"type":"branch","line":29,"loc":{"start":{"line":29,"column":-2},"end":{"line":36,"column":5}},"locations":[{"start":{"line":29,"column":-2},"end":{"line":36,"column":5}}]},"8":{"type":"branch","line":38,"loc":{"start":{"line":38,"column":10},"end":{"line":46,"column":5}},"locations":[{"start":{"line":38,"column":10},"end":{"line":46,"column":5}}]},"9":{"type":"branch","line":40,"loc":{"start":{"line":40,"column":-2},"end":{"line":46,"column":5}},"locations":[{"start":{"line":40,"column":-2},"end":{"line":46,"column":5}}]}},"b":{"0":[1],"1":[1],"2":[2],"3":[7],"4":[3],"5":[4],"6":[3],"7":[2],"8":[2],"9":[1]},"fnMap":{"0":{"name":"create","decl":{"start":{"line":5,"column":10},"end":{"line":11,"column":5}},"loc":{"start":{"line":5,"column":10},"end":{"line":11,"column":5}},"line":5},"1":{"name":"getAll","decl":{"start":{"line":13,"column":10},"end":{"line":16,"column":5}},"loc":{"start":{"line":13,"column":10},"end":{"line":16,"column":5}},"line":13},"2":{"name":"findById","decl":{"start":{"line":18,"column":10},"end":{"line":25,"column":5}},"loc":{"start":{"line":18,"column":10},"end":{"line":25,"column":5}},"line":18},"3":{"name":"updateById","decl":{"start":{"line":27,"column":10},"end":{"line":36,"column":5}},"loc":{"start":{"line":27,"column":10},"end":{"line":36,"column":5}},"line":27},"4":{"name":"deleteById","decl":{"start":{"line":38,"column":10},"end":{"line":46,"column":5}},"loc":{"start":{"line":38,"column":10},"end":{"line":46,"column":5}},"line":38}},"f":{"0":1,"1":1,"2":7,"3":3,"4":2}}
,"C:\\Users\\herli\\Documents\\Curso Node JS\\07-RESTWeb\\src\\presentation\\server.ts": {"path":"C:\\Users\\herli\\Documents\\Curso Node JS\\07-RESTWeb\\src\\presentation\\server.ts","all":false,"statementMap":{"0":{"start":{"line":1,"column":0},"end":{"line":1,"column":42}},"1":{"start":{"line":2,"column":0},"end":{"line":2,"column":37}},"2":{"start":{"line":3,"column":0},"end":{"line":3,"column":24}},"3":{"start":{"line":4,"column":0},"end":{"line":4,"column":0}},"4":{"start":{"line":5,"column":0},"end":{"line":5,"column":19}},"5":{"start":{"line":6,"column":0},"end":{"line":6,"column":17}},"6":{"start":{"line":7,"column":0},"end":{"line":7,"column":19}},"7":{"start":{"line":8,"column":0},"end":{"line":8,"column":25}},"8":{"start":{"line":9,"column":0},"end":{"line":9,"column":1}},"9":{"start":{"line":10,"column":0},"end":{"line":10,"column":0}},"10":{"start":{"line":11,"column":0},"end":{"line":11,"column":21}},"11":{"start":{"line":12,"column":0},"end":{"line":12,"column":0}},"12":{"start":{"line":13,"column":0},"end":{"line":13,"column":36}},"13":{"start":{"line":14,"column":0},"end":{"line":14,"column":33}},"14":{"start":{"line":15,"column":0},"end":{"line":15,"column":34}},"15":{"start":{"line":16,"column":0},"end":{"line":16,"column":40}},"16":{"start":{"line":17,"column":0},"end":{"line":17,"column":36}},"17":{"start":{"line":18,"column":0},"end":{"line":18,"column":0}},"18":{"start":{"line":19,"column":0},"end":{"line":19,"column":35}},"19":{"start":{"line":20,"column":0},"end":{"line":20,"column":63}},"20":{"start":{"line":21,"column":0},"end":{"line":21,"column":25}},"21":{"start":{"line":22,"column":0},"end":{"line":22,"column":38}},"22":{"start":{"line":23,"column":0},"end":{"line":23,"column":29}},"23":{"start":{"line":24,"column":0},"end":{"line":24,"column":5}},"24":{"start":{"line":25,"column":0},"end":{"line":25,"column":0}},"25":{"start":{"line":26,"column":0},"end":{"line":26,"column":19}},"26":{"start":{"line":27,"column":0},"end":{"line":27,"column":0}},"27":{"start":{"line":28,"column":0},"end":{"line":28,"column":24}},"28":{"start":{"line":29,"column":0},"end":{"line":29,"column":44}},"29":{"start":{"line":30,"column":0},"end":{"line":30,"column":84}},"30":{"start":{"line":31,"column":0},"end":{"line":31,"column":36}},"31":{"start":{"line":32,"column":0},"end":{"line":32,"column":0}},"32":{"start":{"line":33,"column":0},"end":{"line":33,"column":26}},"33":{"start":{"line":34,"column":0},"end":{"line":34,"column":54}},"34":{"start":{"line":35,"column":0},"end":{"line":35,"column":0}},"35":{"start":{"line":36,"column":0},"end":{"line":36,"column":18}},"36":{"start":{"line":37,"column":0},"end":{"line":37,"column":34}},"37":{"start":{"line":38,"column":0},"end":{"line":38,"column":0}},"38":{"start":{"line":39,"column":0},"end":{"line":39,"column":16}},"39":{"start":{"line":40,"column":0},"end":{"line":40,"column":41}},"40":{"start":{"line":41,"column":0},"end":{"line":41,"column":94}},"41":{"start":{"line":42,"column":0},"end":{"line":42,"column":36}},"42":{"start":{"line":43,"column":0},"end":{"line":43,"column":10}},"43":{"start":{"line":44,"column":0},"end":{"line":44,"column":0}},"44":{"start":{"line":45,"column":0},"end":{"line":45,"column":64}},"45":{"start":{"line":46,"column":0},"end":{"line":46,"column":57}},"46":{"start":{"line":47,"column":0},"end":{"line":47,"column":11}},"47":{"start":{"line":48,"column":0},"end":{"line":48,"column":5}},"48":{"start":{"line":49,"column":0},"end":{"line":49,"column":0}},"49":{"start":{"line":50,"column":0},"end":{"line":50,"column":19}},"50":{"start":{"line":51,"column":0},"end":{"line":51,"column":37}},"51":{"start":{"line":52,"column":0},"end":{"line":52,"column":5}},"52":{"start":{"line":53,"column":0},"end":{"line":53,"column":1}}},"s":{"0":1,"1":1,"2":1,"3":1,"4":1,"5":1,"6":1,"7":1,"8":1,"9":1,"10":1,"11":1,"12":1,"13":1,"14":1,"15":1,"16":1,"17":1,"18":1,"19":1,"20":1,"21":1,"22":1,"23":1,"24":1,"25":1,"26":1,"27":1,"28":1,"29":1,"30":1,"31":1,"32":1,"33":1,"34":1,"35":1,"36":1,"37":1,"38":1,"39":1,"40":0,"41":0,"42":1,"43":1,"44":1,"45":1,"46":1,"47":1,"48":1,"49":1,"50":1,"51":1,"52":1},"branchMap":{"0":{"type":"branch","line":19,"loc":{"start":{"line":19,"column":4},"end":{"line":24,"column":5}},"locations":[{"start":{"line":19,"column":4},"end":{"line":24,"column":5}}]},"1":{"type":"branch","line":26,"loc":{"start":{"line":26,"column":10},"end":{"line":48,"column":5}},"locations":[{"start":{"line":26,"column":10},"end":{"line":48,"column":5}}]},"2":{"type":"branch","line":45,"loc":{"start":{"line":45,"column":57},"end":{"line":47,"column":9}},"locations":[{"start":{"line":45,"column":57},"end":{"line":47,"column":9}}]},"3":{"type":"branch","line":50,"loc":{"start":{"line":50,"column":11},"end":{"line":52,"column":5}},"locations":[{"start":{"line":50,"column":11},"end":{"line":52,"column":5}}]},"4":{"type":"branch","line":51,"loc":{"start":{"line":51,"column":27},"end":{"line":51,"column":29}},"locations":[{"start":{"line":51,"column":27},"end":{"line":51,"column":29}}]}},"b":{"0":[1],"1":[1],"2":[1],"3":[1],"4":[0]},"fnMap":{"0":{"name":"Server","decl":{"start":{"line":19,"column":4},"end":{"line":24,"column":5}},"loc":{"start":{"line":19,"column":4},"end":{"line":24,"column":5}},"line":19},"1":{"name":"start","decl":{"start":{"line":26,"column":10},"end":{"line":48,"column":5}},"loc":{"start":{"line":26,"column":10},"end":{"line":48,"column":5}},"line":26},"2":{"name":"close","decl":{"start":{"line":50,"column":11},"end":{"line":52,"column":5}},"loc":{"start":{"line":50,"column":11},"end":{"line":52,"column":5}},"line":50}},"f":{"0":1,"1":1,"2":1}}
,"C:\\Users\\herli\\Documents\\Curso Node JS\\07-RESTWeb\\src\\presentation\\todos\\controller.ts": {"path":"C:\\Users\\herli\\Documents\\Curso Node JS\\07-RESTWeb\\src\\presentation\\todos\\controller.ts","all":false,"statementMap":{"0":{"start":{"line":1,"column":0},"end":{"line":1,"column":44}},"1":{"start":{"line":2,"column":0},"end":{"line":2,"column":144}},"2":{"start":{"line":3,"column":0},"end":{"line":3,"column":0}},"3":{"start":{"line":4,"column":0},"end":{"line":4,"column":30}},"4":{"start":{"line":5,"column":0},"end":{"line":5,"column":0}},"5":{"start":{"line":6,"column":0},"end":{"line":6,"column":10}},"6":{"start":{"line":7,"column":0},"end":{"line":7,"column":16}},"7":{"start":{"line":8,"column":0},"end":{"line":8,"column":56}},"8":{"start":{"line":9,"column":0},"end":{"line":9,"column":9}},"9":{"start":{"line":10,"column":0},"end":{"line":10,"column":0}},"10":{"start":{"line":11,"column":0},"end":{"line":11,"column":62}},"11":{"start":{"line":12,"column":0},"end":{"line":12,"column":41}},"12":{"start":{"line":13,"column":0},"end":{"line":13,"column":70}},"13":{"start":{"line":14,"column":0},"end":{"line":14,"column":19}},"14":{"start":{"line":15,"column":0},"end":{"line":15,"column":9}},"15":{"start":{"line":16,"column":0},"end":{"line":16,"column":0}},"16":{"start":{"line":17,"column":0},"end":{"line":17,"column":21}},"17":{"start":{"line":18,"column":0},"end":{"line":18,"column":76}},"18":{"start":{"line":19,"column":0},"end":{"line":19,"column":5}},"19":{"start":{"line":20,"column":0},"end":{"line":20,"column":0}},"20":{"start":{"line":21,"column":0},"end":{"line":21,"column":56}},"21":{"start":{"line":22,"column":0},"end":{"line":22,"column":41}},"22":{"start":{"line":23,"column":0},"end":{"line":23,"column":22}},"23":{"start":{"line":24,"column":0},"end":{"line":24,"column":43}},"24":{"start":{"line":25,"column":0},"end":{"line":25,"column":58}},"25":{"start":{"line":26,"column":0},"end":{"line":26,"column":6}},"26":{"start":{"line":27,"column":0},"end":{"line":27,"column":0}},"27":{"start":{"line":28,"column":0},"end":{"line":28,"column":59}},"28":{"start":{"line":29,"column":0},"end":{"line":29,"column":34}},"29":{"start":{"line":30,"column":0},"end":{"line":30,"column":8}},"30":{"start":{"line":31,"column":0},"end":{"line":31,"column":40}},"31":{"start":{"line":32,"column":0},"end":{"line":32,"column":24}},"32":{"start":{"line":33,"column":0},"end":{"line":33,"column":41}},"33":{"start":{"line":34,"column":0},"end":{"line":34,"column":58}},"34":{"start":{"line":35,"column":0},"end":{"line":35,"column":6}},"35":{"start":{"line":36,"column":0},"end":{"line":36,"column":0}},"36":{"start":{"line":37,"column":0},"end":{"line":37,"column":58}},"37":{"start":{"line":38,"column":0},"end":{"line":38,"column":70}},"38":{"start":{"line":39,"column":0},"end":{"line":39,"column":58}},"39":{"start":{"line":40,"column":0},"end":{"line":40,"column":0}},"40":{"start":{"line":41,"column":0},"end":{"line":41,"column":43}},"41":{"start":{"line":42,"column":0},"end":{"line":42,"column":36}},"42":{"start":{"line":43,"column":0},"end":{"line":43,"column":53}},"43":{"start":{"line":44,"column":0},"end":{"line":44,"column":58}},"44":{"start":{"line":45,"column":0},"end":{"line":45,"column":6}},"45":{"start":{"line":46,"column":0},"end":{"line":46,"column":0}},"46":{"start":{"line":47,"column":0},"end":{"line":47,"column":58}},"47":{"start":{"line":48,"column":0},"end":{"line":48,"column":34}},"48":{"start":{"line":49,"column":0},"end":{"line":49,"column":81}},"49":{"start":{"line":50,"column":0},"end":{"line":50,"column":58}},"50":{"start":{"line":51,"column":0},"end":{"line":51,"column":0}},"51":{"start":{"line":52,"column":0},"end":{"line":52,"column":43}},"52":{"start":{"line":53,"column":0},"end":{"line":53,"column":36}},"53":{"start":{"line":54,"column":0},"end":{"line":54,"column":41}},"54":{"start":{"line":55,"column":0},"end":{"line":55,"column":58}},"55":{"start":{"line":56,"column":0},"end":{"line":56,"column":6}},"56":{"start":{"line":57,"column":0},"end":{"line":57,"column":0}},"57":{"start":{"line":58,"column":0},"end":{"line":58,"column":58}},"58":{"start":{"line":59,"column":0},"end":{"line":59,"column":34}},"59":{"start":{"line":60,"column":0},"end":{"line":60,"column":0}},"60":{"start":{"line":61,"column":0},"end":{"line":61,"column":43}},"61":{"start":{"line":62,"column":0},"end":{"line":62,"column":24}},"62":{"start":{"line":63,"column":0},"end":{"line":63,"column":41}},"63":{"start":{"line":64,"column":0},"end":{"line":64,"column":58}},"64":{"start":{"line":65,"column":0},"end":{"line":65,"column":6}},"65":{"start":{"line":66,"column":0},"end":{"line":66,"column":1}}},"s":{"0":1,"1":1,"2":1,"3":1,"4":1,"5":1,"6":1,"7":2,"8":2,"9":1,"10":1,"11":3,"12":3,"13":3,"14":3,"15":0,"16":0,"17":0,"18":0,"19":1,"20":1,"21":1,"22":1,"23":1,"24":1,"25":1,"26":1,"27":1,"28":2,"29":2,"30":2,"31":2,"32":2,"33":2,"34":1,"35":1,"36":1,"37":3,"38":3,"39":1,"40":1,"41":1,"42":1,"43":1,"44":1,"45":1,"46":1,"47":3,"48":3,"49":3,"50":3,"51":3,"52":3,"53":3,"54":3,"55":1,"56":1,"57":1,"58":2,"59":2,"60":2,"61":2,"62":2,"63":2,"64":1,"65":1},"branchMap":{"0":{"type":"branch","line":7,"loc":{"start":{"line":7,"column":4},"end":{"line":9,"column":9}},"locations":[{"start":{"line":7,"column":4},"end":{"line":9,"column":9}}]},"1":{"type":"branch","line":11,"loc":{"start":{"line":11,"column":26},"end":{"line":19,"column":5}},"locations":[{"start":{"line":11,"column":26},"end":{"line":19,"column":5}}]},"2":{"type":"branch","line":16,"loc":{"start":{"line":16,"column":-2},"end":{"line":19,"column":5}},"locations":[{"start":{"line":16,"column":-2},"end":{"line":19,"column":5}}]},"3":{"type":"branch","line":21,"loc":{"start":{"line":21,"column":22},"end":{"line":26,"column":5}},"locations":[{"start":{"line":21,"column":22},"end":{"line":26,"column":5}}]},"4":{"type":"branch","line":24,"loc":{"start":{"line":24,"column":18},"end":{"line":24,"column":42}},"locations":[{"start":{"line":24,"column":18},"end":{"line":24,"column":42}}]},"5":{"type":"branch","line":28,"loc":{"start":{"line":28,"column":25},"end":{"line":35,"column":5}},"locations":[{"start":{"line":28,"column":25},"end":{"line":35,"column":5}}]},"6":{"type":"branch","line":33,"loc":{"start":{"line":33,"column":18},"end":{"line":33,"column":40}},"locations":[{"start":{"line":33,"column":18},"end":{"line":33,"column":40}}]},"7":{"type":"branch","line":34,"loc":{"start":{"line":34,"column":19},"end":{"line":34,"column":56}},"locations":[{"start":{"line":34,"column":19},"end":{"line":34,"column":56}}]},"8":{"type":"branch","line":37,"loc":{"start":{"line":37,"column":24},"end":{"line":45,"column":5}},"locations":[{"start":{"line":37,"column":24},"end":{"line":45,"column":5}}]},"9":{"type":"branch","line":39,"loc":{"start":{"line":39,"column":19},"end":{"line":39,"column":58}},"locations":[{"start":{"line":39,"column":19},"end":{"line":39,"column":58}}]},"10":{"type":"branch","line":40,"loc":{"start":{"line":40,"column":-2},"end":{"line":45,"column":5}},"locations":[{"start":{"line":40,"column":-2},"end":{"line":45,"column":5}}]},"11":{"type":"branch","line":43,"loc":{"start":{"line":43,"column":18},"end":{"line":43,"column":52}},"locations":[{"start":{"line":43,"column":18},"end":{"line":43,"column":52}}]},"12":{"type":"branch","line":47,"loc":{"start":{"line":47,"column":24},"end":{"line":56,"column":5}},"locations":[{"start":{"line":47,"column":24},"end":{"line":56,"column":5}}]},"13":{"type":"branch","line":50,"loc":{"start":{"line":50,"column":19},"end":{"line":50,"column":58}},"locations":[{"start":{"line":50,"column":19},"end":{"line":50,"column":58}}]},"14":{"type":"branch","line":54,"loc":{"start":{"line":54,"column":18},"end":{"line":54,"column":40}},"locations":[{"start":{"line":54,"column":18},"end":{"line":54,"column":40}}]},"15":{"type":"branch","line":55,"loc":{"start":{"line":55,"column":19},"end":{"line":55,"column":56}},"locations":[{"start":{"line":55,"column":19},"end":{"line":55,"column":56}}]},"16":{"type":"branch","line":58,"loc":{"start":{"line":58,"column":24},"end":{"line":65,"column":5}},"locations":[{"start":{"line":58,"column":24},"end":{"line":65,"column":5}}]},"17":{"type":"branch","line":63,"loc":{"start":{"line":63,"column":18},"end":{"line":63,"column":40}},"locations":[{"start":{"line":63,"column":18},"end":{"line":63,"column":40}}]},"18":{"type":"branch","line":64,"loc":{"start":{"line":64,"column":19},"end":{"line":64,"column":56}},"locations":[{"start":{"line":64,"column":19},"end":{"line":64,"column":56}}]}},"b":{"0":[2],"1":[3],"2":[0],"3":[1],"4":[1],"5":[2],"6":[1],"7":[1],"8":[3],"9":[2],"10":[1],"11":[1],"12":[3],"13":[0],"14":[2],"15":[1],"16":[2],"17":[1],"18":[1]},"fnMap":{"0":{"name":"TodosController","decl":{"start":{"line":7,"column":4},"end":{"line":9,"column":9}},"loc":{"start":{"line":7,"column":4},"end":{"line":9,"column":9}},"line":7},"1":{"name":"TodosController.handleError","decl":{"start":{"line":11,"column":26},"end":{"line":19,"column":5}},"loc":{"start":{"line":11,"column":26},"end":{"line":19,"column":5}},"line":11},"2":{"name":"TodosController.getTodos","decl":{"start":{"line":21,"column":22},"end":{"line":26,"column":5}},"loc":{"start":{"line":21,"column":22},"end":{"line":26,"column":5}},"line":21},"3":{"name":"TodosController.getTodoById","decl":{"start":{"line":28,"column":25},"end":{"line":35,"column":5}},"loc":{"start":{"line":28,"column":25},"end":{"line":35,"column":5}},"line":28},"4":{"name":"TodosController.createTodo","decl":{"start":{"line":37,"column":24},"end":{"line":45,"column":5}},"loc":{"start":{"line":37,"column":24},"end":{"line":45,"column":5}},"line":37},"5":{"name":"TodosController.updateTodo","decl":{"start":{"line":47,"column":24},"end":{"line":56,"column":5}},"loc":{"start":{"line":47,"column":24},"end":{"line":56,"column":5}},"line":47},"6":{"name":"TodosController.deleteTodo","decl":{"start":{"line":58,"column":24},"end":{"line":65,"column":5}},"loc":{"start":{"line":58,"column":24},"end":{"line":65,"column":5}},"line":58}},"f":{"0":2,"1":3,"2":1,"3":2,"4":3,"5":3,"6":2}}
,"C:\\Users\\herli\\Documents\\Curso Node JS\\07-RESTWeb\\test\\test-server.ts": {"path":"C:\\Users\\herli\\Documents\\Curso Node JS\\07-RESTWeb\\test\\test-server.ts","all":false,"statementMap":{"0":{"start":{"line":1,"column":0},"end":{"line":1,"column":42}},"1":{"start":{"line":2,"column":0},"end":{"line":2,"column":55}},"2":{"start":{"line":3,"column":0},"end":{"line":3,"column":52}},"3":{"start":{"line":4,"column":0},"end":{"line":4,"column":0}},"4":{"start":{"line":5,"column":0},"end":{"line":5,"column":38}},"5":{"start":{"line":6,"column":0},"end":{"line":6,"column":20}},"6":{"start":{"line":7,"column":0},"end":{"line":7,"column":29}},"7":{"start":{"line":8,"column":0},"end":{"line":8,"column":2}}},"s":{"0":1,"1":1,"2":1,"3":1,"4":1,"5":1,"6":1,"7":1},"branchMap":{},"b":{},"fnMap":{},"f":{}}
}
